<?xml version="1.0" encoding="UTF-8"?>
<!-- Generated by org.testng.reporters.JUnitXMLReporter -->
<testsuite ignored="0" hostname="VrundaV" failures="1" tests="1" name="HL DAP Home Loan Salaried NTB" time="1.289" errors="0" timestamp="2022-06-08T14:55:20 IST">
  <testcase classname="TestCases.HLDAPHomeLoanSalariedNTB" name="HLDAPHomeLoanSalariedNtb" time="0.001">
    <failure type="java.lang.ArrayIndexOutOfBoundsException" message="Index 1 out of bounds for length 0">
      <![CDATA[java.lang.ArrayIndexOutOfBoundsException: Index 1 out of bounds for length 0
at TestCases.HLDAPHomeLoanSalariedNTB.HLDAPHomeLoanSalariedNtb(HLDAPHomeLoanSalariedNTB.java:27)
at java.base/java.util.ArrayList.forEach(ArrayList.java:1540)
... Removed 27 stack frames]]>
    </failure>
  </testcase> <!-- HLDAPHomeLoanSalariedNtb -->
</testsuite> <!-- HL DAP Home Loan Salaried NTB -->
