<?xml version="1.0" encoding="UTF-8"?>
<!-- Generated by org.testng.reporters.JUnitXMLReporter -->
<testsuite ignored="0" hostname="VrundaV" failures="0" tests="1" name="HLDAP Salaried Kotak Smart Home NRI " time="1.324" errors="0" timestamp="2022-07-12T14:21:32 IST">
  <testcase classname="TestCases.TC16HLDAPKotakSmartHomeSalariedNRI" name="HLDAPKotakSmartHomeSalariedNRI" time="1.322">
    <skipped/>
  </testcase> <!-- HLDAPKotakSmartHomeSalariedNRI -->
</testsuite> <!-- HLDAP Salaried Kotak Smart Home NRI  -->
