<?xml version="1.0" encoding="UTF-8"?>
<!-- Generated by org.testng.reporters.JUnitXMLReporter -->
<testsuite ignored="0" hostname="VrundaV" failures="0" tests="1" name="HLDAP Salaried Only Top Up Indian " time="1.0" errors="0" timestamp="2022-07-12T14:21:26 IST">
  <testcase classname="TestCases.TC11HLDAPOnlyTopUpSalariedIndian" name="HLDAPOnlyTopUpSalariedIndian" time="0.998">
    <skipped/>
  </testcase> <!-- HLDAPOnlyTopUpSalariedIndian -->
</testsuite> <!-- HLDAP Salaried Only Top Up Indian  -->
