<?xml version="1.0" encoding="UTF-8"?>
<!-- Generated by org.testng.reporters.JUnitXMLReporter -->
<testsuite ignored="0" hostname="VrundaV" failures="0" tests="1" name="HLDAP Salaried Home Loan Overdraft NonIndividual " time="1.602" errors="0" timestamp="2022-07-12T14:21:38 IST">
  <testcase classname="TestCases.TC20HLDAPHomeLoanOverdraftNonIndividual" name="HLDAPHomeLoanOverdraftNonIndividual" time="1.599">
    <skipped/>
  </testcase> <!-- HLDAPHomeLoanOverdraftNonIndividual -->
</testsuite> <!-- HLDAP Salaried Home Loan Overdraft NonIndividual  -->
