<?xml version="1.0" encoding="UTF-8"?>
<!-- Generated by org.testng.reporters.JUnitXMLReporter -->
<testsuite ignored="0" hostname="VrundaV" failures="0" tests="1" name="HLDAP Salaried Balance Transfer Individual " time="0.731" errors="0" timestamp="2022-06-30T17:07:24 IST">
  <testcase classname="TestCases.TC09HLDAPBalanceTransferIndividual" name="HLDAPBalanceTransferIndividual" time="0.729">
    <skipped/>
  </testcase> <!-- HLDAPBalanceTransferIndividual -->
</testsuite> <!-- HLDAP Salaried Balance Transfer Individual  -->
