<?xml version="1.0" encoding="UTF-8"?>
<!-- Generated by org.testng.reporters.JUnitXMLReporter -->
<testsuite ignored="0" hostname="VrundaV" failures="0" tests="1" name="HLDAP Salaried Balance Transfer NRI " time="11.694" errors="0" timestamp="2022-06-27T16:03:57 IST">
  <testcase classname="CommonUtility.SetUp" name="@AfterTest tearDownTest" time="0.0">
    <failure type="java.lang.NullPointerException">
      <![CDATA[java.lang.NullPointerException
at CommonUtility.SetUp.tearDownTest(SetUp.java:164)
... Removed 24 stack frames]]>
    </failure>
  </testcase> <!-- @AfterTest tearDownTest -->
  <testcase classname="TestCases.TC08HLDAPBalanceTransferSalariedNRI" name="HLDAPBalanceTransferSalariedNRI" time="11.692">
    <skipped/>
  </testcase> <!-- HLDAPBalanceTransferSalariedNRI -->
</testsuite> <!-- HLDAP Salaried Balance Transfer NRI  -->
