<?xml version="1.0" encoding="UTF-8"?>
<!-- Generated by org.testng.reporters.JUnitXMLReporter -->
<testsuite ignored="0" hostname="VrundaV" failures="0" tests="1" name="HLDAP Individual Kotak Smart Home " time="1.37" errors="0" timestamp="2022-07-12T14:21:33 IST">
  <testcase classname="TestCases.TC17HLDAPKotakSmartHomeIndividual" name="HLDAPKotakSmartHomeIndividual" time="1.368">
    <skipped/>
  </testcase> <!-- HLDAPKotakSmartHomeIndividual -->
</testsuite> <!-- HLDAP Individual Kotak Smart Home  -->
