<?xml version="1.0" encoding="UTF-8"?>
<!-- Generated by org.testng.reporters.JUnitXMLReporter -->
<testsuite ignored="0" hostname="VrundaV" failures="0" tests="1" name="HLDAP SelfEmployed Individual Home loan " time="0.497" errors="0" timestamp="2022-06-20T17:34:14 IST">
  <testcase classname="TestCases.HLDAPSelfEmpIndividualHomeLoan" name="HLDAPSelfEmpIndividualHomeloan" time="0.482">
    <skipped/>
  </testcase> <!-- HLDAPSelfEmpIndividualHomeloan -->
</testsuite> <!-- HLDAP SelfEmployed Individual Home loan  -->
