<?xml version="1.0" encoding="UTF-8"?>
<!-- Generated by org.testng.reporters.JUnitXMLReporter -->
<testsuite ignored="0" hostname="VrundaV" failures="0" tests="1" name="HLDAP Salaried Balance Transfer Non Individual " time="14.406" errors="0" timestamp="2022-06-27T16:04:24 IST">
  <testcase classname="CommonUtility.SetUp" name="@AfterTest tearDownTest" time="0.0">
    <failure type="java.lang.NullPointerException">
      <![CDATA[java.lang.NullPointerException
at CommonUtility.SetUp.tearDownTest(SetUp.java:164)
... Removed 24 stack frames]]>
    </failure>
  </testcase> <!-- @AfterTest tearDownTest -->
  <testcase classname="TestCases.TC10HLDAPBalanceTransferNonIndividual" name="HLDAPBalanceTransferNonIndividual" time="14.403">
    <skipped/>
  </testcase> <!-- HLDAPBalanceTransferNonIndividual -->
</testsuite> <!-- HLDAP Salaried Balance Transfer Non Individual  -->
