<?xml version="1.0" encoding="UTF-8"?>
<!-- Generated by org.testng.reporters.JUnitXMLReporter -->
<testsuite ignored="0" hostname="VrundaV" failures="0" tests="1" name="HLDAP Salaried Home loan Indian" time="0.441" errors="0" timestamp="2022-07-12T14:21:19 IST">
  <testcase classname="TestCases.TC03HLDAPHomeLoanSalariedIndian" name="HLDAPHomeLoanSalariedIndian" time="0.438">
    <skipped/>
  </testcase> <!-- HLDAPHomeLoanSalariedIndian -->
</testsuite> <!-- HLDAP Salaried Home loan Indian -->
