<?xml version="1.0" encoding="UTF-8"?>
<!-- Generated by org.testng.reporters.JUnitXMLReporter -->
<testsuite ignored="0" hostname="VrundaV" failures="0" tests="1" name="HLDAP Salaried Home loan Indian" time="5.883" errors="0" timestamp="2022-06-24T16:31:25 IST">
  <testcase classname="TestCases.TC03HLDAPSalariedHomeLoanIndian" name="HLDAPSalariedHomeloanIndian" time="5.881">
    <skipped/>
  </testcase> <!-- HLDAPSalariedHomeloanIndian -->
</testsuite> <!-- HLDAP Salaried Home loan Indian -->
