<?xml version="1.0" encoding="UTF-8"?>
<!-- Generated by org.testng.reporters.JUnitXMLReporter -->
<testsuite ignored="0" hostname="VrundaV" failures="0" tests="1" name="HLDAP SelfEmployed NonIndividual Home loan " time="9.045" errors="0" timestamp="2022-06-27T16:03:35 IST">
  <testcase classname="CommonUtility.SetUp" name="@AfterTest tearDownTest" time="0.0">
    <failure type="java.lang.NullPointerException">
      <![CDATA[java.lang.NullPointerException
at CommonUtility.SetUp.tearDownTest(SetUp.java:164)
... Removed 24 stack frames]]>
    </failure>
  </testcase> <!-- @AfterTest tearDownTest -->
  <testcase classname="TestCases.TC06HLDAPHomeLoanNonIndividual" name="HLDAPHomeLoanNonIndividual" time="9.041">
    <skipped/>
  </testcase> <!-- HLDAPHomeLoanNonIndividual -->
</testsuite> <!-- HLDAP SelfEmployed NonIndividual Home loan  -->
