<?xml version="1.0" encoding="UTF-8"?>
<!-- Generated by org.testng.reporters.JUnitXMLReporter -->
<testsuite ignored="0" hostname="VrundaV" failures="0" tests="1" name="HLDAP Salaried Kotak Smart Home Indian " time="1.277" errors="0" timestamp="2022-07-12T14:21:31 IST">
  <testcase classname="TestCases.TC15HLDAPKotakSmartHomeSalariedIndian" name="HLDAPKotakSmartHomeSalariedIndian" time="1.275">
    <skipped/>
  </testcase> <!-- HLDAPKotakSmartHomeSalariedIndian -->
</testsuite> <!-- HLDAP Salaried Kotak Smart Home Indian  -->
