<?xml version="1.0" encoding="UTF-8"?>
<!-- Generated by org.testng.reporters.JUnitXMLReporter -->
<testsuite ignored="0" hostname="VrundaV" failures="0" tests="1" name="HLDAP Salaried Home Loan Overdraft Indian " time="1.48" errors="0" timestamp="2022-07-12T14:21:35 IST">
  <testcase classname="TestCases.TC18HLDAPHomeLoanOverdraftSalariedIndian" name="HLDAPHomeLoanOverdraftSalariedIndian" time="1.478">
    <skipped/>
  </testcase> <!-- HLDAPHomeLoanOverdraftSalariedIndian -->
</testsuite> <!-- HLDAP Salaried Home Loan Overdraft Indian  -->
