<?xml version="1.0" encoding="UTF-8"?>
<!-- Generated by org.testng.reporters.JUnitXMLReporter -->
<testsuite ignored="0" hostname="VrundaV" failures="0" tests="1" name="HLDAP Salaried Only Top Up NRI " time="1.083" errors="0" timestamp="2022-06-28T12:27:14 IST">
  <testcase classname="CommonUtility.SetUp" name="@AfterTest tearDownTest" time="0.0">
    <failure type="java.lang.NullPointerException">
      <![CDATA[java.lang.NullPointerException
at CommonUtility.SetUp.tearDownTest(SetUp.java:142)
... Removed 24 stack frames]]>
    </failure>
  </testcase> <!-- @AfterTest tearDownTest -->
  <testcase classname="TestCases.TC12HLDAPOnlyTopUpSalariedNRI" name="HLDAPOnlyTopUpSalariedNRI" time="1.08">
    <skipped/>
  </testcase> <!-- HLDAPOnlyTopUpSalariedNRI -->
</testsuite> <!-- HLDAP Salaried Only Top Up NRI  -->
