<?xml version="1.0" encoding="UTF-8"?>
<!-- Generated by org.testng.reporters.JUnitXMLReporter -->
<testsuite ignored="0" hostname="VrundaV" failures="0" tests="1" name="HLDAP Individual Kotak Smart Home " time="24.603" errors="0" timestamp="2022-06-30T17:20:38 IST">
  <testcase classname="TestCases.TC17HLDAPKotakSmartHomeIndividual" name="HLDAPKotakSmartHomeIndividual" time="24.601">
    <skipped/>
  </testcase> <!-- HLDAPKotakSmartHomeIndividual -->
</testsuite> <!-- HLDAP Individual Kotak Smart Home  -->
