<?xml version="1.0" encoding="UTF-8"?>
<!-- Generated by org.testng.reporters.JUnitXMLReporter -->
<testsuite ignored="0" hostname="VrundaV" failures="0" tests="1" name="HLDAP Salaried Balance Transfer Non Individual " time="0.84" errors="0" timestamp="2022-06-28T12:27:12 IST">
  <testcase classname="CommonUtility.SetUp" name="@AfterTest tearDownTest" time="0.001">
    <failure type="java.lang.NullPointerException">
      <![CDATA[java.lang.NullPointerException
at CommonUtility.SetUp.tearDownTest(SetUp.java:142)
... Removed 24 stack frames]]>
    </failure>
  </testcase> <!-- @AfterTest tearDownTest -->
  <testcase classname="TestCases.TC10HLDAPBalanceTransferNonIndividual" name="HLDAPBalanceTransferNonIndividual" time="0.837">
    <skipped/>
  </testcase> <!-- HLDAPBalanceTransferNonIndividual -->
</testsuite> <!-- HLDAP Salaried Balance Transfer Non Individual  -->
