<?xml version="1.0" encoding="UTF-8"?>
<!-- Generated by org.testng.reporters.JUnitXMLReporter -->
<testsuite ignored="0" hostname="VrundaV" failures="0" tests="1" name="HLDAP Salaried Only Top Up Non Individual " time="1.195" errors="0" timestamp="2022-07-12T14:21:29 IST">
  <testcase classname="TestCases.TC14HLDAPOnlyTopUpNonIndividual" name="HLDAPOnlyTopUpNonIndividual" time="1.193">
    <skipped/>
  </testcase> <!-- HLDAPOnlyTopUpNonIndividual -->
</testsuite> <!-- HLDAP Salaried Only Top Up Non Individual  -->
