<?xml version="1.0" encoding="UTF-8"?>
<!-- Generated by org.testng.reporters.JUnitXMLReporter -->
<testsuite ignored="0" hostname="VrundaV" failures="0" tests="1" name="HLDAP Salaried Balance Transfer Indian " time="10.972" errors="0" timestamp="2022-06-24T16:32:02 IST">
  <testcase classname="TestCases.TC07HLDAPSalariedBalanceTransferIndian" name="HLDAPSalariedBalanceTransferInd" time="10.968">
    <skipped/>
  </testcase> <!-- HLDAPSalariedBalanceTransferInd -->
</testsuite> <!-- HLDAP Salaried Balance Transfer Indian  -->
