<?xml version="1.0" encoding="UTF-8"?>
<!-- Generated by org.testng.reporters.JUnitXMLReporter -->
<testsuite ignored="0" hostname="VrundaV" failures="0" tests="1" name="HLDAP Salaried Balance Transfer Individual " time="12.877" errors="0" timestamp="2022-06-27T16:04:10 IST">
  <testcase classname="CommonUtility.SetUp" name="@AfterTest tearDownTest" time="0.0">
    <failure type="java.lang.NullPointerException">
      <![CDATA[java.lang.NullPointerException
at CommonUtility.SetUp.tearDownTest(SetUp.java:164)
... Removed 24 stack frames]]>
    </failure>
  </testcase> <!-- @AfterTest tearDownTest -->
  <testcase classname="TestCases.TC09HLDAPBalanceTransferIndividual" name="HLDAPBalanceTransferIndividual" time="12.874">
    <skipped/>
  </testcase> <!-- HLDAPBalanceTransferIndividual -->
</testsuite> <!-- HLDAP Salaried Balance Transfer Individual  -->
