<?xml version="1.0" encoding="UTF-8"?>
<!-- Generated by org.testng.reporters.JUnitXMLReporter -->
<testsuite ignored="0" hostname="VrundaV" failures="0" tests="1" name="HLDAP Salaried Home Loan Overdraft Individual " time="1.547" errors="0" timestamp="2022-07-12T14:21:36 IST">
  <testcase classname="TestCases.TC19HLDAPHomeLoanOverdraftIndividual" name="HLDAPHomeLoanOverdraftIndividual" time="1.546">
    <skipped/>
  </testcase> <!-- HLDAPHomeLoanOverdraftIndividual -->
</testsuite> <!-- HLDAP Salaried Home Loan Overdraft Individual  -->
