<?xml version="1.0" encoding="UTF-8"?>
<!-- Generated by org.testng.reporters.JUnitXMLReporter -->
<testsuite ignored="0" hostname="VrundaV" failures="0" tests="1" name="HLDAP SelfEmployed NonIndividual Home loan " time="0.791" errors="0" timestamp="2022-07-12T14:21:21 IST">
  <testcase classname="TestCases.TC06HLDAPHomeLoanNonIndividual" name="HLDAPHomeLoanNonIndividual" time="0.788">
    <skipped/>
  </testcase> <!-- HLDAPHomeLoanNonIndividual -->
</testsuite> <!-- HLDAP SelfEmployed NonIndividual Home loan  -->
