<?xml version="1.0" encoding="UTF-8"?>
<!-- Generated by org.testng.reporters.JUnitXMLReporter -->
<testsuite ignored="0" hostname="VrundaV" failures="0" tests="1" name="HLDAP Salaried Balance Transfer NRI " time="0.698" errors="0" timestamp="2022-06-30T17:07:23 IST">
  <testcase classname="TestCases.TC08HLDAPBalanceTransferSalariedNRI" name="HLDAPBalanceTransferSalariedNRI" time="0.696">
    <skipped/>
  </testcase> <!-- HLDAPBalanceTransferSalariedNRI -->
</testsuite> <!-- HLDAP Salaried Balance Transfer NRI  -->
