<?xml version="1.0" encoding="UTF-8"?>
<!-- Generated by org.testng.reporters.JUnitXMLReporter -->
<testsuite ignored="0" hostname="VrundaV" failures="0" tests="1" name="HLDAP Salaried Only Top Up Individual " time="0.958" errors="0" timestamp="2022-06-30T17:07:27 IST">
  <testcase classname="TestCases.TC13HLDAPOnlyTopUpIndividual" name="HLDAPOnlyTopUpIndividual" time="0.956">
    <skipped/>
  </testcase> <!-- HLDAPOnlyTopUpIndividual -->
</testsuite> <!-- HLDAP Salaried Only Top Up Individual  -->
