<?xml version="1.0" encoding="UTF-8"?>
<!-- Generated by org.testng.reporters.JUnitXMLReporter -->
<testsuite ignored="0" hostname="VrundaV" failures="0" tests="1" name="HLDAP Salaried Kotak Smart Home NRI " time="25.924" errors="0" timestamp="2022-06-30T17:20:13 IST">
  <testcase classname="TestCases.TC16HLDAPKotakSmartHomeSalariedNRI" name="HLDAPKotakSmartHomeSalariedNRI" time="25.922">
    <skipped/>
  </testcase> <!-- HLDAPKotakSmartHomeSalariedNRI -->
</testsuite> <!-- HLDAP Salaried Kotak Smart Home NRI  -->
