<?xml version="1.0" encoding="UTF-8"?>
<!-- Generated by org.testng.reporters.JUnitXMLReporter -->
<testsuite ignored="0" hostname="VrundaV" failures="0" tests="5" name="KMBAutomationTest" time="54.68" errors="0" timestamp="2022-06-15T09:41:53 IST">
  <testcase classname="TestSripts.runTest" name="CRMLeadGeneration" time="2.956"/>
  <testcase classname="TestSripts.runTest" name="HLDAPSalariedHomeloanNRI" time="48.316"/>
  <testcase classname="TestSripts.runTest" name="HLDAPSelfEmpIndividualHomeLoan" time="0.979"/>
  <testcase classname="TestSripts.runTest" name="HLSalesDAP" time="1.054"/>
  <testcase classname="TestSripts.runTest" name="SecuredCCDAP" time="0.904"/>
</testsuite> <!-- KMBAutomationTest -->
