<?xml version="1.0" encoding="UTF-8"?>
<!-- Generated by org.testng.reporters.JUnitXMLReporter -->
<testsuite ignored="0" hostname="VrundaV" failures="0" tests="1" name="Secured CC DAP Test" time="2.419" errors="0" timestamp="2022-06-28T12:27:06 IST">
  <testcase classname="CommonUtility.SetUp" name="@AfterTest tearDownTest" time="0.0">
    <failure type="java.lang.NullPointerException">
      <![CDATA[java.lang.NullPointerException
at CommonUtility.SetUp.tearDownTest(SetUp.java:142)
... Removed 24 stack frames]]>
    </failure>
  </testcase> <!-- @AfterTest tearDownTest -->
  <testcase classname="TestCases.TC02SecuredCCDAP" name="SecuredCCDap" time="2.411">
    <skipped/>
  </testcase> <!-- SecuredCCDap -->
</testsuite> <!-- Secured CC DAP Test -->
