<?xml version="1.0" encoding="UTF-8"?>
<!-- Generated by org.testng.reporters.JUnitXMLReporter -->
<testsuite ignored="0" hostname="VrundaV" failures="1" tests="1" name="Secured CC DAP" time="0.01" errors="0" timestamp="2022-06-14T12:50:20 IST">
  <testcase classname="CommonUtility.SetUp" name="@AfterTest tearDownTest" time="0.0">
    <failure type="java.lang.NullPointerException">
      <![CDATA[java.lang.NullPointerException
at CommonUtility.SetUp.tearDownTest(SetUp.java:127)
... Removed 24 stack frames]]>
    </failure>
  </testcase> <!-- @AfterTest tearDownTest -->
  <testcase classname="TestCases.SecuredCCDAP" name="SecuredCCDap" time="0.002">
    <failure type="java.lang.NoClassDefFoundError" message="Could not initialize class CommonUtility.CommonMethods">
      <![CDATA[java.lang.NoClassDefFoundError: Could not initialize class CommonUtility.CommonMethods
at TestCases.SecuredCCDAP.SecuredCCDap(SecuredCCDAP.java:20)
at java.base/java.util.ArrayList.forEach(ArrayList.java:1540)
... Removed 27 stack frames]]>
    </failure>
  </testcase> <!-- SecuredCCDap -->
</testsuite> <!-- Secured CC DAP -->
