<?xml version="1.0" encoding="UTF-8"?>
<!-- Generated by org.testng.reporters.JUnitXMLReporter -->
<testsuite ignored="0" hostname="VrundaV" failures="1" tests="1" name="Test" time="20.875" errors="0" timestamp="2022-05-20T11:11:26 IST">
  <testcase classname="TestSripts.leadCreationTest1" name="ExecuteScript" time="17.646">
    <failure type="java.lang.Error" message="Unresolved compilation problems: 
	mobileNo cannot be resolved to a variable
	Syntax error on token &amp;quot;catch&amp;quot;, Identifier expected
	Syntax error on token &amp;quot;}&amp;quot;, delete this token
">
      <![CDATA[java.lang.Error: Unresolved compilation problems: 
mobileNo cannot be resolved to a variable
Syntax error on token "catch", Identifier expected
Syntax error on token "}", delete this token

at POM_HLSalesDAP.HLDAPIntialJoureny.<init>(HLDAPIntialJoureny.java:645)
at TestSripts.leadCreationTest1.HLSalesJourney(leadCreationTest1.java:159)
at TestSripts.leadCreationTest1.ExecuteScript(leadCreationTest1.java:84)
at java.base/java.util.ArrayList.forEach(ArrayList.java:1540)
... Removed 27 stack frames]]>
    </failure>
  </testcase> <!-- ExecuteScript -->
</testsuite> <!-- Test -->
